This is pdfTeX, Version 3.14159265-2.6-1.40.17 (MiKTeX 2.9 64-bit) (preloaded format=pdflatex 2016.6.3)  13 JAN 2019 23:41
entering extended mode
**./termo_book.tex
(termo_book.tex
LaTeX2e <2016/03/31>
Babel <3.9r> and hyphenation patterns for 75 language(s) loaded.
("C:\Program Files\MiKTeX 2.9\tex\latex\base\book.cls"
Document Class: book 2014/09/29 v1.4h Standard LaTeX document class
("C:\Program Files\MiKTeX 2.9\tex\latex\base\bk12.clo"
File: bk12.clo 2014/09/29 v1.4h Standard LaTeX file (size option)
)
\c@part=\count79
\c@chapter=\count80
\c@section=\count81
\c@subsection=\count82
\c@subsubsection=\count83
\c@paragraph=\count84
\c@subparagraph=\count85
\c@figure=\count86
\c@table=\count87
\abovecaptionskip=\skip41
\belowcaptionskip=\skip42
\bibindent=\dimen102
)
("C:\Program Files\MiKTeX 2.9\tex\generic\babel\babel.sty"
Package: babel 2016/04/23 3.9r The Babel package

*************************************
* Local config file bblopts.cfg used
*
("C:\Program Files\MiKTeX 2.9\tex\latex\arabi\bblopts.cfg"
File: bblopts.cfg 2005/09/08 v0.1 add Arabic and Farsi to "declared" options of
 babel
)
("C:\Program Files\MiKTeX 2.9\tex\latex\babel-portuges\portuges.ldf"
Language: portuges 2008/03/18 v1.2q Portuguese support from the babel system

("C:\Program Files\MiKTeX 2.9\tex\generic\babel\babel.def"
File: babel.def 2016/04/23 3.9r Babel common definitions
\babel@savecnt=\count88
\U@D=\dimen103
)
\l@brazil = a dialect from \language\l@portuges 
Package babel Info: Making " an active character on input line 145.
)
("C:\Program Files\MiKTeX 2.9\tex\latex\babel-portuges\portuges.ldf"
Language: portuges 2008/03/18 v1.2q Portuguese support from the babel system
))
("C:\Program Files\MiKTeX 2.9\tex\latex\graphics\graphicx.sty"
Package: graphicx 2014/10/28 v1.0g Enhanced LaTeX Graphics (DPC,SPQR)

("C:\Program Files\MiKTeX 2.9\tex\latex\graphics\keyval.sty"
Package: keyval 2014/10/28 v1.15 key=value parser (DPC)
\KV@toks@=\toks14
)
("C:\Program Files\MiKTeX 2.9\tex\latex\graphics\graphics.sty"
Package: graphics 2016/05/09 v1.0r Standard LaTeX Graphics (DPC,SPQR)

("C:\Program Files\MiKTeX 2.9\tex\latex\graphics\trig.sty"
Package: trig 2016/01/03 v1.10 sin cos tan (DPC)
)
("C:\Program Files\MiKTeX 2.9\tex\latex\00miktex\graphics.cfg"
File: graphics.cfg 2016/01/02 v1.10 sample graphics configuration
)
Package graphics Info: Driver file: pdftex.def on input line 96.

("C:\Program Files\MiKTeX 2.9\tex\latex\pdftex-def\pdftex.def"
File: pdftex.def 2011/05/27 v0.06d Graphics/color for pdfTeX

("C:\Program Files\MiKTeX 2.9\tex\generic\oberdiek\infwarerr.sty"
Package: infwarerr 2016/05/16 v1.4 Providing info/warning/error messages (HO)
)
("C:\Program Files\MiKTeX 2.9\tex\generic\oberdiek\ltxcmds.sty"
Package: ltxcmds 2016/05/16 v1.23 LaTeX kernel commands for general use (HO)
)
\Gread@gobject=\count89
))
\Gin@req@height=\dimen104
\Gin@req@width=\dimen105
)
("C:\Program Files\MiKTeX 2.9\tex\latex\graphics\color.sty"
Package: color 2016/05/09 v1.1c Standard LaTeX Color (DPC)

("C:\Program Files\MiKTeX 2.9\tex\latex\00miktex\color.cfg"
File: color.cfg 2016/01/02 v1.6 sample color configuration
)
Package color Info: Driver file: pdftex.def on input line 144.
)
("C:\Program Files\MiKTeX 2.9\tex\latex\graphics\epsfig.sty"
Package: epsfig 1999/02/16 v1.7a (e)psfig emulation (SPQR)
\epsfxsize=\dimen106
\epsfysize=\dimen107
)
("C:\Program Files\MiKTeX 2.9\tex\latex\graphics\lscape.sty"
Package: lscape 2000/10/22 v3.01 Landscape Pages (DPC)
)
("C:\Program Files\MiKTeX 2.9\tex\latex\rotating\rotating.sty"
Package: rotating 2009/03/28 v2.16a rotated objects in LaTeX

("C:\Program Files\MiKTeX 2.9\tex\latex\base\ifthen.sty"
Package: ifthen 2014/09/29 v1.1c Standard LaTeX ifthen package (DPC)
)
\c@r@tfl@t=\count90
\rotFPtop=\skip43
\rotFPbot=\skip44
\rot@float@box=\box26
\rot@mess@toks=\toks15
)
("C:\Program Files\MiKTeX 2.9\tex\latex\tools\varioref.sty"
Package: varioref 2016/02/16 v1.5c package for extended references (FMi)
\c@vrcnt=\count91
)
("C:\Program Files\MiKTeX 2.9\tex\latex\float\float.sty"
Package: float 2001/11/08 v1.3d Float enhancements (AL)
\c@float@type=\count92
\float@exts=\toks16
\float@box=\box27
\@float@everytoks=\toks17
\@floatcapt=\box28
)
("C:\Program Files\MiKTeX 2.9\tex\latex\amsfonts\amssymb.sty"
Package: amssymb 2013/01/14 v3.01 AMS font symbols

("C:\Program Files\MiKTeX 2.9\tex\latex\amsfonts\amsfonts.sty"
Package: amsfonts 2013/01/14 v3.01 Basic AMSFonts support
\@emptytoks=\toks18
\symAMSa=\mathgroup4
\symAMSb=\mathgroup5
LaTeX Font Info:    Overwriting math alphabet `\mathfrak' in version `bold'
(Font)                  U/euf/m/n --> U/euf/b/n on input line 106.
))
("C:\Program Files\MiKTeX 2.9\tex\latex\amsmath\amsmath.sty"
Package: amsmath 2016/03/10 v2.15b AMS math features
\@mathmargin=\skip45

For additional information on amsmath, use the `?' option.
("C:\Program Files\MiKTeX 2.9\tex\latex\amsmath\amstext.sty"
Package: amstext 2000/06/29 v2.01 AMS text

("C:\Program Files\MiKTeX 2.9\tex\latex\amsmath\amsgen.sty"
File: amsgen.sty 1999/11/30 v2.0 generic functions
\@emptytoks=\toks19
\ex@=\dimen108
))
("C:\Program Files\MiKTeX 2.9\tex\latex\amsmath\amsbsy.sty"
Package: amsbsy 1999/11/29 v1.2d Bold Symbols
\pmbraise@=\dimen109
)
("C:\Program Files\MiKTeX 2.9\tex\latex\amsmath\amsopn.sty"
Package: amsopn 2016/03/08 v2.02 operator names
)
\inf@bad=\count93
LaTeX Info: Redefining \frac on input line 199.
\uproot@=\count94
\leftroot@=\count95
LaTeX Info: Redefining \overline on input line 297.
\classnum@=\count96
\DOTSCASE@=\count97
LaTeX Info: Redefining \ldots on input line 394.
LaTeX Info: Redefining \dots on input line 397.
LaTeX Info: Redefining \cdots on input line 518.
\Mathstrutbox@=\box29
\strutbox@=\box30
\big@size=\dimen110
LaTeX Font Info:    Redeclaring font encoding OML on input line 634.
LaTeX Font Info:    Redeclaring font encoding OMS on input line 635.
\macc@depth=\count98
\c@MaxMatrixCols=\count99
\dotsspace@=\muskip10
\c@parentequation=\count100
\dspbrk@lvl=\count101
\tag@help=\toks20
\row@=\count102
\column@=\count103
\maxfields@=\count104
\andhelp@=\toks21
\eqnshift@=\dimen111
\alignsep@=\dimen112
\tagshift@=\dimen113
\tagwidth@=\dimen114
\totwidth@=\dimen115
\lineht@=\dimen116
\@envbody=\toks22
\multlinegap=\skip46
\multlinetaggap=\skip47
\mathdisplay@stack=\toks23
LaTeX Info: Redefining \[ on input line 2739.
LaTeX Info: Redefining \] on input line 2740.
)
("C:\Program Files\MiKTeX 2.9\tex\latex\amscls\amsthm.sty"
Package: amsthm 2015/03/04 v2.20.2
\thm@style=\toks24
\thm@bodyfont=\toks25
\thm@headfont=\toks26
\thm@notefont=\toks27
\thm@headpunct=\toks28
\thm@preskip=\skip48
\thm@postskip=\skip49
\thm@headsep=\skip50
\dth@everypar=\toks29
)
("C:\Program Files\MiKTeX 2.9\tex\latex\changebar\changebar.sty"
Package: changebar 2018/03/09 v3.6c Indicate changes with marginal bars
\cb@nextpoint=\count105
\cb@topleft=\count106
\cb@topright=\count107
\cb@botleft=\count108
\cb@botright=\count109
\cb@cnta=\count110
\cb@cntb=\count111
\cb@dima=\dimen117
\cb@curbarwd=\dimen118
\cb@page=\count112
\cb@pagecount=\count113
\cb@odd@left=\dimen119
\cb@odd@right=\dimen120
\cb@even@left=\dimen121
\cb@even@right=\dimen122
\cb@writexy=\write3
\cb@readxy=\read1
\openout3 = `termo_book.cb2'.

\changebarwidth=\skip51
\deletebarwidth=\skip52
\changebarsep=\skip53
\c@changebargrey=\count114
\cb@write=\write4
\cb@read=\read2
\openout4 = `termo_book.cb'.

)
("C:\Program Files\MiKTeX 2.9\tex\latex\tools\longtable.sty"
Package: longtable 2014/10/28 v4.11 Multi-page Table package (DPC)
\LTleft=\skip54
\LTright=\skip55
\LTpre=\skip56
\LTpost=\skip57
\LTchunksize=\count115
\LTcapwidth=\dimen123
\LT@head=\box31
\LT@firsthead=\box32
\LT@foot=\box33
\LT@lastfoot=\box34
\LT@cols=\count116
\LT@rows=\count117
\c@LT@tables=\count118
\c@LT@chunks=\count119
\LT@p@ftn=\toks30
)
("C:\Program Files\MiKTeX 2.9\tex\latex\base\inputenc.sty"
Package: inputenc 2015/03/17 v1.2c Input encoding file
\inpenc@prehook=\toks31
\inpenc@posthook=\toks32

("C:\Program Files\MiKTeX 2.9\tex\latex\base\latin1.def"
File: latin1.def 2015/03/17 v1.2c Input encoding file
)) (fancyheadings.sty
\headrulewidth=\dimen124
\footrulewidth=\dimen125
\plainheadrulewidth=\dimen126
\plainfootrulewidth=\dimen127
\headwidth=\dimen128
)
("C:\Program Files\MiKTeX 2.9\tex\latex\base\makeidx.sty"
Package: makeidx 2014/09/29 v1.0m Standard LaTeX package
)
("C:\Program Files\MiKTeX 2.9\tex\latex\hyperref\hyperref.sty"
Package: hyperref 2016/05/21 v6.83p Hypertext links for LaTeX

("C:\Program Files\MiKTeX 2.9\tex\generic\oberdiek\hobsub-hyperref.sty"
Package: hobsub-hyperref 2016/05/16 v1.14 Bundle oberdiek, subset hyperref (HO)


("C:\Program Files\MiKTeX 2.9\tex\generic\oberdiek\hobsub-generic.sty"
Package: hobsub-generic 2016/05/16 v1.14 Bundle oberdiek, subset generic (HO)
Package: hobsub 2016/05/16 v1.14 Construct package bundles (HO)
Package hobsub Info: Skipping package `infwarerr' (already loaded).
Package hobsub Info: Skipping package `ltxcmds' (already loaded).
Package: ifluatex 2016/05/16 v1.4 Provides the ifluatex switch (HO)
Package ifluatex Info: LuaTeX not detected.
Package: ifvtex 2016/05/16 v1.6 Detect VTeX and its facilities (HO)
Package ifvtex Info: VTeX not detected.
Package: intcalc 2016/05/16 v1.2 Expandable calculations with integers (HO)
Package: ifpdf 2016/05/14 v3.1 Provides the ifpdf switch
Package: etexcmds 2016/05/16 v1.6 Avoid name clashes with e-TeX commands (HO)
Package etexcmds Info: Could not find \expanded.
(etexcmds)             That can mean that you are not using pdfTeX 1.50 or
(etexcmds)             that some package has redefined \expanded.
(etexcmds)             In the latter case, load this package earlier.
Package: kvsetkeys 2016/05/16 v1.17 Key value parser (HO)
Package: kvdefinekeys 2016/05/16 v1.4 Define keys (HO)
Package: pdftexcmds 2016/05/21 v0.22 Utility functions of pdfTeX for LuaTeX (HO
)
Package pdftexcmds Info: LuaTeX not detected.
Package pdftexcmds Info: \pdf@primitive is available.
Package pdftexcmds Info: \pdf@ifprimitive is available.
Package pdftexcmds Info: \pdfdraftmode found.
Package: pdfescape 2016/05/16 v1.14 Implements pdfTeX's escape features (HO)
Package: bigintcalc 2016/05/16 v1.4 Expandable calculations on big integers (HO
)
Package: bitset 2016/05/16 v1.2 Handle bit-vector datatype (HO)
Package: uniquecounter 2016/05/16 v1.3 Provide unlimited unique counter (HO)
)
Package hobsub Info: Skipping package `hobsub' (already loaded).
Package: letltxmacro 2016/05/16 v1.5 Let assignment for LaTeX macros (HO)
Package: hopatch 2016/05/16 v1.3 Wrapper for package hooks (HO)
Package: xcolor-patch 2016/05/16 xcolor patch
Package: atveryend 2016/05/16 v1.9 Hooks at the very end of document (HO)
Package atveryend Info: \enddocument detected (standard20110627).
Package: atbegshi 2016/05/16 v1.17 At begin shipout hook (HO)
Package: refcount 2016/05/16 v3.5 Data extraction from label references (HO)
Package: hycolor 2016/05/16 v1.8 Color options for hyperref/bookmark (HO)
)
("C:\Program Files\MiKTeX 2.9\tex\generic\ifxetex\ifxetex.sty"
Package: ifxetex 2010/09/12 v0.6 Provides ifxetex conditional
)
("C:\Program Files\MiKTeX 2.9\tex\latex\oberdiek\auxhook.sty"
Package: auxhook 2016/05/16 v1.4 Hooks for auxiliary files (HO)
)
("C:\Program Files\MiKTeX 2.9\tex\latex\oberdiek\kvoptions.sty"
Package: kvoptions 2016/05/16 v3.12 Key value format for package options (HO)
)
\@linkdim=\dimen129
\Hy@linkcounter=\count120
\Hy@pagecounter=\count121

("C:\Program Files\MiKTeX 2.9\tex\latex\hyperref\pd1enc.def"
File: pd1enc.def 2016/05/21 v6.83p Hyperref: PDFDocEncoding definition (HO)
)
\Hy@SavedSpaceFactor=\count122

("C:\Program Files\MiKTeX 2.9\tex\latex\00miktex\hyperref.cfg"
File: hyperref.cfg 2002/06/06 v1.2 hyperref configuration of TeXLive
)
Package hyperref Info: Hyper figures OFF on input line 4486.
Package hyperref Info: Link nesting OFF on input line 4491.
Package hyperref Info: Hyper index ON on input line 4494.
Package hyperref Info: Plain pages OFF on input line 4501.
Package hyperref Info: Backreferencing OFF on input line 4506.
Package hyperref Info: Implicit mode ON; LaTeX internals redefined.
Package hyperref Info: Bookmarks ON on input line 4735.
\c@Hy@tempcnt=\count123

("C:\Program Files\MiKTeX 2.9\tex\latex\url\url.sty"
\Urlmuskip=\muskip11
Package: url 2013/09/16  ver 3.4  Verb mode for urls, etc.
)
LaTeX Info: Redefining \url on input line 5088.
\XeTeXLinkMargin=\dimen130
\Fld@menulength=\count124
\Field@Width=\dimen131
\Fld@charsize=\dimen132
Package hyperref Info: Hyper figures OFF on input line 6342.
Package hyperref Info: Link nesting OFF on input line 6347.
Package hyperref Info: Hyper index ON on input line 6350.
Package hyperref Info: backreferencing OFF on input line 6357.
Package hyperref Info: Link coloring OFF on input line 6362.
Package hyperref Info: Link coloring with OCG OFF on input line 6367.
Package hyperref Info: PDF/A mode OFF on input line 6372.
LaTeX Info: Redefining \ref on input line 6412.
LaTeX Info: Redefining \pageref on input line 6416.
\Hy@abspage=\count125
\c@Item=\count126
\c@Hfootnote=\count127
)

Package hyperref Message: Driver (autodetected): hpdftex.

("C:\Program Files\MiKTeX 2.9\tex\latex\hyperref\hpdftex.def"
File: hpdftex.def 2016/05/21 v6.83p Hyperref driver for pdfTeX
\Fld@listcount=\count128
\c@bookmark@seq@number=\count129

("C:\Program Files\MiKTeX 2.9\tex\latex\oberdiek\rerunfilecheck.sty"
Package: rerunfilecheck 2016/05/16 v1.8 Rerun checks for auxiliary files (HO)
Package uniquecounter Info: New unique counter `rerunfilecheck' on input line 2
82.
)
\Hy@SectionHShift=\skip58
)
("C:\Program Files\MiKTeX 2.9\tex\latex\multirow\multirow.sty"
\bigstrutjot=\dimen133
)
(C:\Users\loena\AppData\Roaming\MiKTeX\2.9\tex\latex\revtex4\revsymb.sty
Package: revsymb 2001/08/03 v4.0 (http://publish.aps.org/revtex4/ for documenta
tion)
LaTeX Info: Redefining \frak on input line 94.
LaTeX Info: Redefining \Bbb on input line 110.
LaTeX Info: Redefining \REV@mathfrak on input line 118.
)
\@indexfile=\write5
\openout5 = `termo_book.idx'.


Writing index file termo_book.idx
\c@lema=\count130
\c@teore=\count131
\c@defi=\count132
\c@corol=\count133
\c@ex=\count134
\c@propri=\count135
\c@prop=\count136
\c@obs=\count137
(termo_book.aux

LaTeX Warning: Label `e' multiply defined.


LaTeX Warning: Label `G' multiply defined.


LaTeX Warning: Label `sistema2_2' multiply defined.


LaTeX Warning: Label `sistema2_1' multiply defined.


LaTeX Warning: Label `sistema2_2' multiply defined.


LaTeX Warning: Label `sistema2_1' multiply defined.


LaTeX Warning: Label `parcialdez' multiply defined.


LaTeX Warning: Label `derivadanovafinal2' multiply defined.


LaTeX Warning: Label `Ffinal' multiply defined.


LaTeX Warning: Label `Qtotal' multiply defined.


LaTeX Warning: Label `eq33' multiply defined.


LaTeX Warning: Label `rkr' multiply defined.

)
\openout1 = `termo_book.aux'.

LaTeX Font Info:    Checking defaults for OML/cmm/m/it on input line 77.
LaTeX Font Info:    ... okay on input line 77.
LaTeX Font Info:    Checking defaults for T1/cmr/m/n on input line 77.
LaTeX Font Info:    ... okay on input line 77.
LaTeX Font Info:    Checking defaults for OT1/cmr/m/n on input line 77.
LaTeX Font Info:    ... okay on input line 77.
LaTeX Font Info:    Checking defaults for OMS/cmsy/m/n on input line 77.
LaTeX Font Info:    ... okay on input line 77.
LaTeX Font Info:    Checking defaults for OMX/cmex/m/n on input line 77.
LaTeX Font Info:    ... okay on input line 77.
LaTeX Font Info:    Checking defaults for U/cmr/m/n on input line 77.
LaTeX Font Info:    ... okay on input line 77.
LaTeX Font Info:    Checking defaults for PD1/pdf/m/n on input line 77.
LaTeX Font Info:    ... okay on input line 77.
 ("C:\Program Files\MiKTeX 2.9\tex\context\base\supp-pdf.mkii"
[Loading MPS to PDF converter (version 2006.09.02).]
\scratchcounter=\count138
\scratchdimen=\dimen134
\scratchbox=\box35
\nofMPsegments=\count139
\nofMParguments=\count140
\everyMPshowfont=\toks33
\MPscratchCnt=\count141
\MPscratchDim=\dimen135
\MPnumerator=\count142
\makeMPintoPDFobject=\count143
\everyMPtoPDFconversion=\toks34
) ("C:\Program Files\MiKTeX 2.9\tex\latex\oberdiek\epstopdf-base.sty"
Package: epstopdf-base 2016/05/15 v2.6 Base part for package epstopdf

("C:\Program Files\MiKTeX 2.9\tex\latex\oberdiek\grfext.sty"
Package: grfext 2016/05/16 v1.2 Manage graphics extensions (HO)
)
Package grfext Info: Graphics extension search list:
(grfext)             [.png,.pdf,.jpg,.mps,.jpeg,.jbig2,.jb2,.PNG,.PDF,.JPG,.JPE
G,.JBIG2,.JB2,.eps]
(grfext)             \AppendGraphicsExtensions on input line 456.
)
\AtBeginShipoutBox=\box36
Package hyperref Info: Link coloring OFF on input line 77.

("C:\Program Files\MiKTeX 2.9\tex\latex\hyperref\nameref.sty"
Package: nameref 2016/05/21 v2.44 Cross-referencing by name of section

("C:\Program Files\MiKTeX 2.9\tex\generic\oberdiek\gettitlestring.sty"
Package: gettitlestring 2016/05/16 v1.5 Cleanup title references (HO)
)
\c@section@level=\count144
LaTeX Info: Redefining \Ref on input line 515.
)
LaTeX Info: Redefining \ref on input line 77.
LaTeX Info: Redefining \pageref on input line 77.
LaTeX Info: Redefining \nameref on input line 77.

(termo_book.out) (termo_book.out)
\@outlinefile=\write6
\openout6 = `termo_book.out'.

LaTeX Info: Redefining \Ref on input line 77.
 (primeiras-paginas-e-book.tex
Underfull \hbox (badness 10000) in paragraph at lines 12--13

 []


LaTeX Warning: File `sbmacfigblack.eps' not found on input line 62.

Package epstopdf Info: Source file: <sbmacfigblack.eps>
(epstopdf)             Output file: <sbmacfigblack-eps-converted-to.pdf>
(epstopdf)             Command: <epstopdf --outfile=sbmacfigblack-eps-converted
-to.pdf sbmacfigblack.eps>
(epstopdf)             \includegraphics on input line 62.
Package epstopdf Info: Output file is already uptodate.

! Package pdftex.def Error: File `sbmacfigblack-eps-converted-to.pdf' not found
.

See the pdftex.def package documentation for explanation.
Type  H <return>  for immediate help.
 ...                                              
                                                  
l.62 ...macfigblack.eps, height=0.4cm, width=1cm}}
                                                  
Using draft setting for this image.
Try typing  <return>  to proceed.
If that doesn't work, type  X <return>  to quit.

LaTeX Font Info:    Try loading font information for U+msa on input line 62.
("C:\Program Files\MiKTeX 2.9\tex\latex\amsfonts\umsa.fd"
File: umsa.fd 2013/01/14 v3.01 AMS symbols A
)
LaTeX Font Info:    Try loading font information for U+msb on input line 62.

("C:\Program Files\MiKTeX 2.9\tex\latex\amsfonts\umsb.fd"
File: umsb.fd 2013/01/14 v3.01 AMS symbols B
)
Package babel Info: Redefining portuges shorthand "|
(babel)             in language  on input line 75.
Package babel Info: Redefining portuges shorthand "|
(babel)             in language  on input line 75.
 [1

{C:/Users/loena/AppData/Local/MiKTeX/2.9/pdftex/config/pdftex.map}]

LaTeX Warning: File `sbmacfigblack.eps' not found on input line 120.

Package epstopdf Info: Source file: <sbmacfigblack.eps>
(epstopdf)             Output file: <sbmacfigblack-eps-converted-to.pdf>
(epstopdf)             Command: <epstopdf --outfile=sbmacfigblack-eps-converted
-to.pdf sbmacfigblack.eps>
(epstopdf)             \includegraphics on input line 120.
Package epstopdf Info: Output file is already uptodate.

! Package pdftex.def Error: File `sbmacfigblack-eps-converted-to.pdf' not found
.

See the pdftex.def package documentation for explanation.
Type  H <return>  for immediate help.
 ...                                              
                                                  
l.120 ...acfigblack.eps, height=0.4cm, width=1cm}}
                                                  
Using draft setting for this image.
Try typing  <return>  to proceed.
If that doesn't work, type  X <return>  to quit.

Package babel Info: Redefining portuges shorthand "|
(babel)             in language  on input line 133.
Package babel Info: Redefining portuges shorthand "|
(babel)             in language  on input line 133.
[2]

LaTeX Warning: File `sbmacfigblack.eps' not found on input line 178.

Package epstopdf Info: Source file: <sbmacfigblack.eps>
(epstopdf)             Output file: <sbmacfigblack-eps-converted-to.pdf>
(epstopdf)             Command: <epstopdf --outfile=sbmacfigblack-eps-converted
-to.pdf sbmacfigblack.eps>
(epstopdf)             \includegraphics on input line 178.
Package epstopdf Info: Output file is already uptodate.

! Package pdftex.def Error: File `sbmacfigblack-eps-converted-to.pdf' not found
.

See the pdftex.def package documentation for explanation.
Type  H <return>  for immediate help.
 ...                                              
                                                  
l.178 ...acfigblack.eps, height=0.4cm, width=1cm}}
                                                  
Using draft setting for this image.
Try typing  <return>  to proceed.
If that doesn't work, type  X <return>  to quit.

Package babel Info: Redefining portuges shorthand "|
(babel)             in language  on input line 193.
Package babel Info: Redefining portuges shorthand "|
(babel)             in language  on input line 193.
[3]
Underfull \hbox (badness 10000) in paragraph at lines 197--206

 []


Underfull \hbox (badness 10000) in paragraph at lines 197--206

 []


Underfull \hbox (badness 10000) in paragraph at lines 197--206

 []


Underfull \hbox (badness 10000) in paragraph at lines 197--206

 []


Underfull \hbox (badness 10000) in paragraph at lines 197--206

 []

LaTeX Font Info:    Try loading font information for OMS+cmr on input line 207.

("C:\Program Files\MiKTeX 2.9\tex\latex\base\omscmr.fd"
File: omscmr.fd 2014/09/29 v2.5h Standard LaTeX font definitions
)
LaTeX Font Info:    Font shape `OMS/cmr/m/n' in size <12> not available
(Font)              Font shape `OMS/cmsy/m/n' tried instead on input line 207.
Package babel Info: Redefining portuges shorthand "|
(babel)             in language  on input line 257.
Package babel Info: Redefining portuges shorthand "|
(babel)             in language  on input line 257.
 [4]
Package babel Info: Redefining portuges shorthand "|
(babel)             in language  on input line 281.
Package babel Info: Redefining portuges shorthand "|
(babel)             in language  on input line 281.
 [5]
(agradecimentos-e-book.tex
Package babel Info: Redefining portuges shorthand "|
(babel)             in language  on input line 1.
Package babel Info: Redefining portuges shorthand "|
(babel)             in language  on input line 1.
 [6])
Package babel Info: Redefining portuges shorthand "|
(babel)             in language  on input line 298.
Package babel Info: Redefining portuges shorthand "|
(babel)             in language  on input line 298.
 [7

])
Package babel Info: Redefining portuges shorthand "|
(babel)             in language  on input line 90.
Package babel Info: Redefining portuges shorthand "|
(babel)             in language  on input line 90.
 [8] (termo_book.toc
Package babel Info: Redefining portuges shorthand "|
(babel)             in language  on input line 38.
Package babel Info: Redefining portuges shorthand "|
(babel)             in language  on input line 38.
 [9

]
Package babel Info: Redefining portuges shorthand "|
(babel)             in language  on input line 79.
Package babel Info: Redefining portuges shorthand "|
(babel)             in language  on input line 79.
 [10])
\tf@toc=\write7
\openout7 = `termo_book.toc'.

Package babel Info: Redefining portuges shorthand "|
(babel)             in language  on input line 99.
Package babel Info: Redefining portuges shorthand "|
(babel)             in language  on input line 99.
 [11]
(prefacio-e-book.tex
Package babel Info: Redefining portuges shorthand "|
(babel)             in language  on input line 5.
Package babel Info: Redefining portuges shorthand "|
(babel)             in language  on input line 5.
 [12]
Package babel Info: Redefining portuges shorthand "|
(babel)             in language  on input line 9.
)
Package babel Info: Redefining portuges shorthand "|
(babel)             in language  on input line 118.
Package babel Info: Redefining portuges shorthand "|
(babel)             in language  on input line 118.
 [13

]
Package babel Info: Redefining portuges shorthand "|
(babel)             in language  on input line 122.
Package babel Info: Redefining portuges shorthand "|
(babel)             in language  on input line 122.
 [14] (cap1-e-book.tex
Cap\'{\i }tulo 1.
Package babel Info: Redefining portuges shorthand "|
(babel)             in language  on input line 1.
Package babel Info: Redefining portuges shorthand "|
(babel)             in language  on input line 14.
Package babel Info: Redefining portuges shorthand "|
(babel)             in language  on input line 24.

LaTeX Warning: File `Figuras/energia.eps' not found on input line 32.

Package epstopdf Info: Source file: <Figuras/energia.eps>
(epstopdf)             Output file: <Figuras/energia-eps-converted-to.pdf>
(epstopdf)             Command: <epstopdf --outfile=Figuras/energia-eps-convert
ed-to.pdf Figuras/energia.eps>
(epstopdf)             \includegraphics on input line 32.
Package epstopdf Info: Output file is already uptodate.

! Package pdftex.def Error: File `Figuras/energia-eps-converted-to.pdf' not fou
nd.

See the pdftex.def package documentation for explanation.
Type  H <return>  for immediate help.
 ...                                              
                                                  
l.32 ...egraphics[scale=0.7]{Figuras/energia.eps}}
                                                  
Using draft setting for this image.
Try typing  <return>  to proceed.
If that doesn't work, type  X <return>  to quit.

Package babel Info: Redefining portuges shorthand "|
(babel)             in language  on input line 41.

LaTeX Warning: Citation `smith2000introduccao' on page 1 undefined on input lin
e 43.

Package babel Info: Redefining portuges shorthand "|
(babel)             in language  on input line 44.
Package babel Info: Redefining portuges shorthand "|
(babel)             in language  on input line 44.
[1

]

LaTeX Warning: Citation `van1873over' on page 2 undefined on input line 74.

Package babel Info: Redefining portuges shorthand "|
(babel)             in language  on input line 81.
Package babel Info: Redefining portuges shorthand "|
(babel)             in language  on input line 81.
[2pdfTeX warning (ext4): destination with the same identifier (name{equation.1.
3.1}) has been already used, duplicate ignored

\AtBegShi@Output ...ipout \box \AtBeginShipoutBox 
                                                  \fi \fi 
l.81 
     pdfTeX warning (ext4): destination with the same identifier (name{equation
.1.3.1}) has been already used, duplicate ignored

\AtBegShi@Output ...ipout \box \AtBeginShipoutBox 
                                                  \fi \fi 
l.81 
     pdfTeX warning (ext4): destination with the same identifier (name{equation
.1.3.1}) has been already used, duplicate ignored

\AtBegShi@Output ...ipout \box \AtBeginShipoutBox 
                                                  \fi \fi 
l.81 
     pdfTeX warning (ext4): destination with the same identifier (name{equation
.1.3.1}) has been already used, duplicate ignored

\AtBegShi@Output ...ipout \box \AtBeginShipoutBox 
                                                  \fi \fi 
l.81 
     pdfTeX warning (ext4): destination with the same identifier (name{equation
.1.3.1}) has been already used, duplicate ignored

\AtBegShi@Output ...ipout \box \AtBeginShipoutBox 
                                                  \fi \fi 
l.81 
     ]

LaTeX Warning: Citation `libotte' on page 3 undefined on input line 84.

pdfTeX warning (ext4): destination with the same identifier (name{equation.1.3.
1}) has been already used, duplicate ignored
<to be read again> 
                   \relax 
l.96 \begin{eqnarray}
                     pdfTeX warning (ext4): destination with the same identifie
r (name{equation.1.3.1}) has been already used, duplicate ignored
<to be read again> 
                   \relax 
l.96 \begin{eqnarray}
                     pdfTeX warning (ext4): destination with the same identifie
r (name{equation.1.3.1}) has been already used, duplicate ignored
<to be read again> 
                   \relax 
l.96 \begin{eqnarray}
                     pdfTeX warning (ext4): destination with the same identifie
r (name{equation.1.3.1}) has been already used, duplicate ignored
<to be read again> 
                   \relax 
l.96 \begin{eqnarray}
                     

LaTeX Warning: File `Figuras/isoterma.pdf' not found on input line 107.


! Package pdftex.def Error: File `Figuras/isoterma.pdf' not found.

See the pdftex.def package documentation for explanation.
Type  H <return>  for immediate help.
 ...                                              
                                                  
l.107 ...raphics[scale=0.6]{Figuras/isoterma.pdf}}
                                                  
Using draft setting for this image.
Try typing  <return>  to proceed.
If that doesn't work, type  X <return>  to quit.


LaTeX Warning: Citation `soave1972equilibrium' on page 3 undefined on input lin
e 111.


LaTeX Warning: Citation `peng1976new' on page 3 undefined on input line 111.

Package babel Info: Redefining portuges shorthand "|
(babel)             in language  on input line 113.
Package babel Info: Redefining portuges shorthand "|
(babel)             in language  on input line 113.
[3]pdfTeX warning (ext4): destination with the same identifier (name{equation.1
.3.1}) has been already used, duplicate ignored
<to be read again> 
                   \relax 
l.115 \begin{eqnarray}
                      pdfTeX warning (ext4): destination with the same identifi
er (name{equation.1.3.1}) has been already used, duplicate ignored
<to be read again> 
                   \relax 
l.115 \begin{eqnarray}
                      pdfTeX warning (ext4): destination with the same identifi
er (name{equation.1.3.1}) has been already used, duplicate ignored
<to be read again> 
                   \relax 
l.115 \begin{eqnarray}
                      pdfTeX warning (ext4): destination with the same identifi
er (name{equation.1.3.1}) has been already used, duplicate ignored
<to be read again> 
                   \relax 
l.115 \begin{eqnarray}
                      
Underfull \hbox (badness 10000) in paragraph at lines 122--127

 []


Underfull \hbox (badness 10000) in paragraph at lines 122--127

 []

Package babel Info: Redefining portuges shorthand "|
(babel)             in language  on input line 130.
Package babel Info: Redefining portuges shorthand "|
(babel)             in language  on input line 134.
Package babel Info: Redefining portuges shorthand "|
(babel)             in language  on input line 134.
[4]

LaTeX Warning: Citation `peng1976new' on page 5 undefined on input line 143.


LaTeX Warning: Citation `gaganis2013improved' on page 5 undefined on input line
 154.

Package babel Info: Redefining portuges shorthand "|
(babel)             in language  on input line 156.

LaTeX Warning: Citation `hendriks1988reduction' on page 5 undefined on input li
ne 159.


LaTeX Warning: Citation `gaganis2013improved' on page 5 undefined on input line
 162.


LaTeX Warning: Citation `golub' on page 5 undefined on input line 173.


LaTeX Warning: Citation `lowrank' on page 5 undefined on input line 174.

Package babel Info: Redefining portuges shorthand "|
(babel)             in language  on input line 175.
Package babel Info: Redefining portuges shorthand "|
(babel)             in language  on input line 175.
[5pdfTeX warning (ext4): destination with the same identifier (name{equation.1.
4.2}) has been already used, duplicate ignored

\AtBegShi@Output ...ipout \box \AtBeginShipoutBox 
                                                  \fi \fi 
l.175 
      ]

LaTeX Warning: Citation `gaganis2013improved' on page 6 undefined on input line
 177.


LaTeX Warning: Citation `lowrank' on page 6 undefined on input line 182.

) (cap2-e-book.tex
Package babel Info: Redefining portuges shorthand "|
(babel)             in language  on input line 3.
Package babel Info: Redefining portuges shorthand "|
(babel)             in language  on input line 3.
 [6]
Cap\'{\i }tulo 2.
Package babel Info: Redefining portuges shorthand "|
(babel)             in language  on input line 3.

LaTeX Warning: Citation `smith2000introducao' on page 7 undefined on input line
 15.

Package babel Info: Redefining portuges shorthand "|
(babel)             in language  on input line 18.

LaTeX Warning: Citation `terron2009termodinamica' on page 7 undefined on input 
line 27.


LaTeX Warning: Citation `terron2009termodinamica' on page 7 undefined on input 
line 29.


LaTeX Warning: Citation `van1873over' on page 7 undefined on input line 34.


LaTeX Warning: Citation `redlich1949thermodynamics' on page 7 undefined on inpu
t line 34.


LaTeX Warning: Citation `soave1972equilibrium' on page 7 undefined on input lin
e 34.


LaTeX Warning: Citation `peng1976new' on page 7 undefined on input line 34.


LaTeX Warning: Citation `smith2000introducao' on page 7 undefined on input line
 34.

Package babel Info: Redefining portuges shorthand "|
(babel)             in language  on input line 35.
Package babel Info: Redefining portuges shorthand "|
(babel)             in language  on input line 35.
[7

]
Package babel Info: Redefining portuges shorthand "|
(babel)             in language  on input line 37.
Package babel Info: Redefining portuges shorthand "|
(babel)             in language  on input line 106.
Package babel Info: Redefining portuges shorthand "|
(babel)             in language  on input line 109.
Package babel Info: Redefining portuges shorthand "|
(babel)             in language  on input line 109.
 [8pdfTeX warning (ext4): destination with the same identifier (name{equation.2
.2.1}) has been already used, duplicate ignored

\AtBegShi@Output ...ipout \box \AtBeginShipoutBox 
                                                  \fi \fi 
l.109 
      ]
Overfull \hbox (6.56877pt too wide) in paragraph at lines 160--163
[]\OT1/cmr/m/n/12 Este mo-delo ter-mo-din^amico do es-tado de equilbrio de um
a subst^ancia ad-mite que a subst^ancia
 []

Package babel Info: Redefining portuges shorthand "|
(babel)             in language  on input line 186.
Package babel Info: Redefining portuges shorthand "|
(babel)             in language  on input line 186.
[9]
Package babel Info: Redefining portuges shorthand "|
(babel)             in language  on input line 257.
Package babel Info: Redefining portuges shorthand "|
(babel)             in language  on input line 257.
 [10]
Package babel Info: Redefining portuges shorthand "|
(babel)             in language  on input line 297.
Package babel Info: Redefining portuges shorthand "|
(babel)             in language  on input line 303.
Package babel Info: Redefining portuges shorthand "|
(babel)             in language  on input line 326.
Package babel Info: Redefining portuges shorthand "|
(babel)             in language  on input line 326.
 [11]

LaTeX Warning: Citation `terron2009termodinamica' on page 12 undefined on input
 line 331.


LaTeX Warning: Citation `doi:10.1021/ja01618a002' on page 12 undefined on input
 line 331.


LaTeX Warning: No positions in optional float specifier.
               Default added (so using `tbp') on input line 333.

Package babel Info: Redefining portuges shorthand "|
(babel)             in language  on input line 353.
Package babel Info: Redefining portuges shorthand "|
(babel)             in language  on input line 383.
Package babel Info: Redefining portuges shorthand "|
(babel)             in language  on input line 391.
Package babel Info: Redefining portuges shorthand "|
(babel)             in language  on input line 391.
[12]
Package babel Info: Redefining portuges shorthand "|
(babel)             in language  on input line 415.
) (cap3-e-book.tex
Package babel Info: Redefining portuges shorthand "|
(babel)             in language  on input line 1.
Package babel Info: Redefining portuges shorthand "|
(babel)             in language  on input line 1.
 [13]
Package babel Info: Redefining portuges shorthand "|
(babel)             in language  on input line 1.
Package babel Info: Redefining portuges shorthand "|
(babel)             in language  on input line 1.
 [14

]
Cap\'{\i }tulo 3.
Package babel Info: Redefining portuges shorthand "|
(babel)             in language  on input line 1.
Package babel Info: Redefining portuges shorthand "|
(babel)             in language  on input line 14.
Package babel Info: Redefining portuges shorthand "|
(babel)             in language  on input line 19.
Package babel Info: Redefining portuges shorthand "|
(babel)             in language  on input line 71.
Package babel Info: Redefining portuges shorthand "|
(babel)             in language  on input line 71.
[15]
Underfull \hbox (badness 10000) in paragraph at lines 101--102

 []


Underfull \hbox (badness 10000) in paragraph at lines 123--124

 []

Package babel Info: Redefining portuges shorthand "|
(babel)             in language  on input line 143.
Package babel Info: Redefining portuges shorthand "|
(babel)             in language  on input line 143.
[16]
Underfull \hbox (badness 10000) in paragraph at lines 145--146

 []

Package babel Info: Redefining portuges shorthand "|
(babel)             in language  on input line 150.
Package babel Info: Redefining portuges shorthand "|
(babel)             in language  on input line 163.

Underfull \hbox (badness 10000) in paragraph at lines 175--176

 []


Underfull \hbox (badness 10000) in paragraph at lines 185--186

 []

Package babel Info: Redefining portuges shorthand "|
(babel)             in language  on input line 188.
Package babel Info: Redefining portuges shorthand "|
(babel)             in language  on input line 188.
[17]
Package babel Info: Redefining portuges shorthand "|
(babel)             in language  on input line 188.

Overfull \hbox (4.06256pt too wide) in paragraph at lines 226--226
[]\OT1/cmr/bx/n/10 coluna$\OML/cmm/m/it/10 j\OT1/cmr/m/n/10 (\OML/cmm/m/it/10 k
\OT1/cmr/m/n/10 ) =$| 
 []


LaTeX Warning: `!h' float specifier changed to `!ht'.

Package babel Info: Redefining portuges shorthand "|
(babel)             in language  on input line 274.
Package babel Info: Redefining portuges shorthand "|
(babel)             in language  on input line 274.
[18]
Underfull \hbox (badness 10000) in paragraph at lines 283--287

 []


Underfull \hbox (badness 10000) in paragraph at lines 283--287

 []


Underfull \hbox (badness 10000) in paragraph at lines 292--296

 []


Underfull \hbox (badness 10000) in paragraph at lines 292--296

 []

Package babel Info: Redefining portuges shorthand "|
(babel)             in language  on input line 301.
Package babel Info: Redefining portuges shorthand "|
(babel)             in language  on input line 301.
[19]
Underfull \hbox (badness 10000) in paragraph at lines 301--305

 []


Underfull \hbox (badness 10000) in paragraph at lines 301--305

 []


Underfull \hbox (badness 10000) in paragraph at lines 314--318

 []


Underfull \hbox (badness 10000) in paragraph at lines 314--318

 []


Underfull \hbox (badness 10000) in paragraph at lines 325--326

 []


Underfull \hbox (badness 10000) in paragraph at lines 325--326

 []


Overfull \hbox (16.8801pt too wide) in alignment at lines 329--337
 [][][] []
 []


Underfull \hbox (badness 10000) in paragraph at lines 337--344

 []


Underfull \hbox (badness 10000) in paragraph at lines 337--344

 []


Underfull \hbox (badness 10000) in paragraph at lines 350--352

 []

) (cap3_aux-e-book.tex
Package babel Info: Redefining portuges shorthand "|
(babel)             in language  on input line 3.
Package babel Info: Redefining portuges shorthand "|
(babel)             in language  on input line 3.
 [20]
Cap\'{\i }tulo 4.
Package babel Info: Redefining portuges shorthand "|
(babel)             in language  on input line 3.
Package babel Info: Redefining portuges shorthand "|
(babel)             in language  on input line 17.
Package babel Info: Redefining portuges shorthand "|
(babel)             in language  on input line 41.
Package babel Info: Redefining portuges shorthand "|
(babel)             in language  on input line 41.
[21

]
Underfull \hbox (badness 10000) in paragraph at lines 76--81

 []


Underfull \hbox (badness 10000) in paragraph at lines 88--89

 []

Package babel Info: Redefining portuges shorthand "|
(babel)             in language  on input line 98.
Package babel Info: Redefining portuges shorthand "|
(babel)             in language  on input line 98.
[22]
Underfull \hbox (badness 10000) in paragraph at lines 113--116

 []

Package babel Info: Redefining portuges shorthand "|
(babel)             in language  on input line 143.
Package babel Info: Redefining portuges shorthand "|
(babel)             in language  on input line 153.
Package babel Info: Redefining portuges shorthand "|
(babel)             in language  on input line 153.
[23]

LaTeX Warning: No positions in optional float specifier.
               Default added (so using `tbp') on input line 199.

Package babel Info: Redefining portuges shorthand "|
(babel)             in language  on input line 213.
Package babel Info: Redefining portuges shorthand "|
(babel)             in language  on input line 219.
Package babel Info: Redefining portuges shorthand "|
(babel)             in language  on input line 219.
[24]

LaTeX Warning: Citation `smith2000introducao' on page 25 undefined on input lin
e 224.

Package babel Info: Redefining portuges shorthand "|
(babel)             in language  on input line 265.
Package babel Info: Redefining portuges shorthand "|
(babel)             in language  on input line 265.
[25]
Package babel Info: Redefining portuges shorthand "|
(babel)             in language  on input line 315.
Package babel Info: Redefining portuges shorthand "|
(babel)             in language  on input line 318.
Package babel Info: Redefining portuges shorthand "|
(babel)             in language  on input line 318.
 [26]
Package babel Info: Redefining portuges shorthand "|
(babel)             in language  on input line 344.

Underfull \hbox (badness 10000) in paragraph at lines 361--364

 []

Package babel Info: Redefining portuges shorthand "|
(babel)             in language  on input line 364.
Package babel Info: Redefining portuges shorthand "|
(babel)             in language  on input line 364.
[27]
Package babel Info: Redefining portuges shorthand "|
(babel)             in language  on input line 420.
Package babel Info: Redefining portuges shorthand "|
(babel)             in language  on input line 424.
Package babel Info: Redefining portuges shorthand "|
(babel)             in language  on input line 427.
Package babel Info: Redefining portuges shorthand "|
(babel)             in language  on input line 427.
 [28]
Underfull \hbox (badness 10000) in paragraph at lines 490--492

 []

Package babel Info: Redefining portuges shorthand "|
(babel)             in language  on input line 494.
Package babel Info: Redefining portuges shorthand "|
(babel)             in language  on input line 497.
Package babel Info: Redefining portuges shorthand "|
(babel)             in language  on input line 497.
[29]
Package babel Info: Redefining portuges shorthand "|
(babel)             in language  on input line 567.
Package babel Info: Redefining portuges shorthand "|
(babel)             in language  on input line 567.
 [30]
Package babel Info: Redefining portuges shorthand "|
(babel)             in language  on input line 617.
Package babel Info: Redefining portuges shorthand "|
(babel)             in language  on input line 620.
Package babel Info: Redefining portuges shorthand "|
(babel)             in language  on input line 620.
 [31]
Package babel Info: Redefining portuges shorthand "|
(babel)             in language  on input line 673.
Package babel Info: Redefining portuges shorthand "|
(babel)             in language  on input line 685.
Package babel Info: Redefining portuges shorthand "|
(babel)             in language  on input line 685.
 [32]
Package babel Info: Redefining portuges shorthand "|
(babel)             in language  on input line 693.
) (cap4-e-book.tex
Package babel Info: Redefining portuges shorthand "|
(babel)             in language  on input line 1.
Package babel Info: Redefining portuges shorthand "|
(babel)             in language  on input line 1.
 [33]
Package babel Info: Redefining portuges shorthand "|
(babel)             in language  on input line 1.
Package babel Info: Redefining portuges shorthand "|
(babel)             in language  on input line 1.
 [34

]
Cap\'{\i }tulo 5.
Package babel Info: Redefining portuges shorthand "|
(babel)             in language  on input line 1.
Package babel Info: Redefining portuges shorthand "|
(babel)             in language  on input line 5.

LaTeX Warning: Citation `hendriks1988reduction' on page 35 undefined on input l
ine 37.

Package babel Info: Redefining portuges shorthand "|
(babel)             in language  on input line 44.
Package babel Info: Redefining portuges shorthand "|
(babel)             in language  on input line 44.
[35]
Package babel Info: Redefining portuges shorthand "|
(babel)             in language  on input line 73.
Package babel Info: Redefining portuges shorthand "|
(babel)             in language  on input line 148.
Package babel Info: Redefining portuges shorthand "|
(babel)             in language  on input line 148.
 [36]
Underfull \hbox (badness 10000) in paragraph at lines 196--198

 []

Package babel Info: Redefining portuges shorthand "|
(babel)             in language  on input line 223.
Package babel Info: Redefining portuges shorthand "|
(babel)             in language  on input line 223.
[37]
Underfull \hbox (badness 10000) in paragraph at lines 250--252

 []


Underfull \hbox (badness 10000) in paragraph at lines 262--265

 []

Package babel Info: Redefining portuges shorthand "|
(babel)             in language  on input line 291.
Package babel Info: Redefining portuges shorthand "|
(babel)             in language  on input line 291.
[38]
Underfull \hbox (badness 10000) in paragraph at lines 316--321

 []


Underfull \hbox (badness 10000) in paragraph at lines 336--339

 []


Underfull \hbox (badness 10000) in paragraph at lines 342--344

 []

Package babel Info: Redefining portuges shorthand "|
(babel)             in language  on input line 344.
Package babel Info: Redefining portuges shorthand "|
(babel)             in language  on input line 344.
[39]
Package babel Info: Redefining portuges shorthand "|
(babel)             in language  on input line 346.

Underfull \hbox (badness 10000) in paragraph at lines 361--364

 []

Package babel Info: Redefining portuges shorthand "|
(babel)             in language  on input line 403.
Package babel Info: Redefining portuges shorthand "|
(babel)             in language  on input line 403.
[40]
Underfull \hbox (badness 10000) in paragraph at lines 403--406

 []


Underfull \hbox (badness 10000) in paragraph at lines 445--448

 []

Package babel Info: Redefining portuges shorthand "|
(babel)             in language  on input line 469.
Package babel Info: Redefining portuges shorthand "|
(babel)             in language  on input line 469.
[41]
Underfull \hbox (badness 10000) in paragraph at lines 492--497

 []

Package babel Info: Redefining portuges shorthand "|
(babel)             in language  on input line 523.
Package babel Info: Redefining portuges shorthand "|
(babel)             in language  on input line 523.
[42]
Underfull \hbox (badness 10000) in paragraph at lines 549--551

 []

Package babel Info: Redefining portuges shorthand "|
(babel)             in language  on input line 575.
Package babel Info: Redefining portuges shorthand "|
(babel)             in language  on input line 575.
[43]) (cap5-e-book.tex
Package babel Info: Redefining portuges shorthand "|
(babel)             in language  on input line 1.
Package babel Info: Redefining portuges shorthand "|
(babel)             in language  on input line 1.
 [44]
Cap\'{\i }tulo 6.
Package babel Info: Redefining portuges shorthand "|
(babel)             in language  on input line 1.
Package babel Info: Redefining portuges shorthand "|
(babel)             in language  on input line 13.

LaTeX Warning: Citation `markovsky2007left' on page 45 undefined on input line 
17.


Overfull \hbox (8.98647pt too wide) in paragraph at lines 21--21
[]\OT1/cmr/bx/n/17.28 Formulac~ao va-ri-a-ci-o-nal do metodo de reduc~ao na 
norma
 []

Package babel Info: Redefining portuges shorthand "|
(babel)             in language  on input line 21.

LaTeX Warning: Citation `markovsky2007left' on page 45 undefined on input line 
51.

Package babel Info: Redefining portuges shorthand "|
(babel)             in language  on input line 55.
Package babel Info: Redefining portuges shorthand "|
(babel)             in language  on input line 55.
[45

]
Package babel Info: Redefining portuges shorthand "|
(babel)             in language  on input line 61.
Package babel Info: Redefining portuges shorthand "|
(babel)             in language  on input line 108.
Package babel Info: Redefining portuges shorthand "|
(babel)             in language  on input line 108.
 [46]

LaTeX Warning: Citation `nichita2007phase' on page 47 undefined on input line 1
24.

Package babel Info: Redefining portuges shorthand "|
(babel)             in language  on input line 127.
Package babel Info: Redefining portuges shorthand "|
(babel)             in language  on input line 127.
[47]
Underfull \hbox (badness 10000) in paragraph at lines 136--138

 []


Underfull \hbox (badness 10000) in paragraph at lines 140--163

 []

Package babel Info: Redefining portuges shorthand "|
(babel)             in language  on input line 168.
Package babel Info: Redefining portuges shorthand "|
(babel)             in language  on input line 168.
[48]
Underfull \hbox (badness 10000) in paragraph at lines 197--203

 []


Underfull \hbox (badness 10000) in paragraph at lines 230--233

 []

Package babel Info: Redefining portuges shorthand "|
(babel)             in language  on input line 233.
Package babel Info: Redefining portuges shorthand "|
(babel)             in language  on input line 233.
[49]
Underfull \hbox (badness 10000) in paragraph at lines 243--247

 []


LaTeX Warning: Reference `eq18a' on page 50 undefined on input line 249.


Underfull \hbox (badness 10000) in paragraph at lines 259--268

 []


Underfull \hbox (badness 10000) in paragraph at lines 259--268

 []


Underfull \hbox (badness 10000) in paragraph at lines 259--268

 []

Package babel Info: Redefining portuges shorthand "|
(babel)             in language  on input line 278.
Package babel Info: Redefining portuges shorthand "|
(babel)             in language  on input line 278.
[50]
Underfull \hbox (badness 10000) in paragraph at lines 280--286

 []


Underfull \hbox (badness 10000) in paragraph at lines 280--286

 []


Underfull \hbox (badness 10000) in paragraph at lines 291--294

 []


Underfull \hbox (badness 10000) in paragraph at lines 305--309

 []

Package babel Info: Redefining portuges shorthand "|
(babel)             in language  on input line 326.
Package babel Info: Redefining portuges shorthand "|
(babel)             in language  on input line 326.
[51]) (cap6-e-book.tex
Package babel Info: Redefining portuges shorthand "|
(babel)             in language  on input line 1.
Package babel Info: Redefining portuges shorthand "|
(babel)             in language  on input line 1.
 [52]
Package babel Info: Redefining portuges shorthand "|
(babel)             in language  on input line 1.
Package babel Info: Redefining portuges shorthand "|
(babel)             in language  on input line 1.
 [53]
Package babel Info: Redefining portuges shorthand "|
(babel)             in language  on input line 1.
Package babel Info: Redefining portuges shorthand "|
(babel)             in language  on input line 1.
 [54

]
Cap\'{\i }tulo 7.
Package babel Info: Redefining portuges shorthand "|
(babel)             in language  on input line 1.
Package babel Info: Redefining portuges shorthand "|
(babel)             in language  on input line 13.

LaTeX Warning: Citation `gaganis2013improved' on page 55 undefined on input lin
e 17.


LaTeX Warning: Citation `golub' on page 55 undefined on input line 28.


LaTeX Warning: Citation `lowrank' on page 55 undefined on input line 29.

Package babel Info: Redefining portuges shorthand "|
(babel)             in language  on input line 32.

LaTeX Warning: Citation `gaganis2013improved' on page 55 undefined on input lin
e 43.


LaTeX Warning: Citation `gaganis2013improved' on page 55 undefined on input lin
e 51.

Package babel Info: Redefining portuges shorthand "|
(babel)             in language  on input line 57.
Package babel Info: Redefining portuges shorthand "|
(babel)             in language  on input line 57.
[55]

LaTeX Warning: Citation `gaganis2013improved' on page 56 undefined on input lin
e 68.

Package babel Info: Redefining portuges shorthand "|
(babel)             in language  on input line 78.
Package babel Info: Redefining portuges shorthand "|
(babel)             in language  on input line 86.

Underfull \hbox (badness 10000) in paragraph at lines 89--92

 []


Underfull \hbox (badness 10000) in paragraph at lines 89--92

 []


LaTeX Warning: Reference `rotulo1' on page 56 undefined on input line 94.

Package babel Info: Redefining portuges shorthand "|
(babel)             in language  on input line 103.

Overfull \hbox (53.45361pt too wide) in paragraph at lines 106--107
\OT1/cmr/m/n/12 da tem-pe-ra-tura). As-sim, o espaco dos par^ametros de ener-g
ia e $\OML/cmm/m/it/12 S[] \OT1/cmr/m/n/12 = [] =
 []


Underfull \hbox (badness 10000) in paragraph at lines 106--107

 []


LaTeX Warning: Reference `rotulo3' on page 56 undefined on input line 108.

Package babel Info: Redefining portuges shorthand "|
(babel)             in language  on input line 123.
Package babel Info: Redefining portuges shorthand "|
(babel)             in language  on input line 128.
Package babel Info: Redefining portuges shorthand "|
(babel)             in language  on input line 128.
[56]

LaTeX Warning: Citation `gaganis2013improved' on page 57 undefined on input lin
e 128.


LaTeX Warning: Citation `gaganis2013improved' on page 57 undefined on input lin
e 136.


LaTeX Warning: Reference `rotulo3' on page 57 undefined on input line 161.

Package babel Info: Redefining portuges shorthand "|
(babel)             in language  on input line 164.

LaTeX Warning: Reference `Cap3aux' on page 57 undefined on input line 174.

Package babel Info: Redefining portuges shorthand "|
(babel)             in language  on input line 188.
Package babel Info: Redefining portuges shorthand "|
(babel)             in language  on input line 188.
[57]
Package babel Info: Redefining portuges shorthand "|
(babel)             in language  on input line 203.
Package babel Info: Redefining portuges shorthand "|
(babel)             in language  on input line 207.


LaTeX Warning: Reference `rotulo4' on page 58 undefined on input line 246.


LaTeX Warning: Reference `rotulo4' on page 58 undefined on input line 254.

Package babel Info: Redefining portuges shorthand "|
(babel)             in language  on input line 265.
Package babel Info: Redefining portuges shorthand "|
(babel)             in language  on input line 265.
[58]
Underfull \vbox (badness 10000) has occurred while \output is active []

Package babel Info: Redefining portuges shorthand "|
(babel)             in language  on input line 265.
Package babel Info: Redefining portuges shorthand "|
(babel)             in language  on input line 265.
 [59]
Package babel Info: Redefining portuges shorthand "|
(babel)             in language  on input line 287.
Package babel Info: Redefining portuges shorthand "|
(babel)             in language  on input line 287.

[60

]
Package babel Info: Redefining portuges shorthand "|
(babel)             in language  on input line 329.
Package babel Info: Redefining portuges shorthand "|
(babel)             in language  on input line 365.
Package babel Info: Redefining portuges shorthand "|
(babel)             in language  on input line 365.
 [61

]

LaTeX Warning: Reference `rotulo1' on page 62 undefined on input line 409.

Package babel Info: Redefining portuges shorthand "|
(babel)             in language  on input line 435.
Package babel Info: Redefining portuges shorthand "|
(babel)             in language  on input line 435.
[62]
Underfull \hbox (badness 10000) in paragraph at lines 435--437

 []


LaTeX Warning: Reference `rotulo1' on page 63 undefined on input line 457.


Underfull \hbox (badness 10000) in paragraph at lines 463--465

 []


LaTeX Warning: Command \i invalid in math mode on input line 467.


LaTeX Warning: Command \i invalid in math mode on input line 467.


LaTeX Warning: Command \j invalid in math mode on input line 467.


LaTeX Warning: Command \j invalid in math mode on input line 467.


LaTeX Warning: Command \j invalid in math mode on input line 467.


LaTeX Warning: Command \j invalid in math mode on input line 467.


LaTeX Warning: Command \i invalid in math mode on input line 471.


LaTeX Warning: Command \i invalid in math mode on input line 471.


LaTeX Warning: Command \j invalid in math mode on input line 471.


LaTeX Warning: Command \j invalid in math mode on input line 471.


LaTeX Warning: Command \j invalid in math mode on input line 471.


LaTeX Warning: Command \j invalid in math mode on input line 471.


Underfull \hbox (badness 10000) in paragraph at lines 488--490

 []

Package babel Info: Redefining portuges shorthand "|
(babel)             in language  on input line 494.
Package babel Info: Redefining portuges shorthand "|
(babel)             in language  on input line 494.
[63]
Package babel Info: Redefining portuges shorthand "|
(babel)             in language  on input line 494.
Package babel Info: Redefining portuges shorthand "|
(babel)             in language  on input line 576.
Package babel Info: Redefining portuges shorthand "|
(babel)             in language  on input line 581.
Package babel Info: Redefining portuges shorthand "|
(babel)             in language  on input line 581.
 [64]

LaTeX Warning: Reference `Cap7' on page 65 undefined on input line 614.

Package babel Info: Redefining portuges shorthand "|
(babel)             in language  on input line 618.

LaTeX Warning: Citation `gaganis2013improved' on page 65 undefined on input lin
e 623.

Package babel Info: Redefining portuges shorthand "|
(babel)             in language  on input line 627.
Package babel Info: Redefining portuges shorthand "|
(babel)             in language  on input line 627.
[65]

LaTeX Warning: Reference `rotulo5' on page 66 undefined on input line 688.


LaTeX Warning: Reference `rotulo6' on page 66 undefined on input line 690.

) (cap7-e-book.tex
Package babel Info: Redefining portuges shorthand "|
(babel)             in language  on input line 1.
Package babel Info: Redefining portuges shorthand "|
(babel)             in language  on input line 1.
 [66]
Cap\'{\i }tulo 8.
Package babel Info: Redefining portuges shorthand "|
(babel)             in language  on input line 1.
Package babel Info: Redefining portuges shorthand "|
(babel)             in language  on input line 13.
Package babel Info: Redefining portuges shorthand "|
(babel)             in language  on input line 25.

Overfull \hbox (42.8367pt too wide) in paragraph at lines 27--28
\OT1/cmr/m/n/12 con-junto das ma-tri-zes simetricas $\OML/cmm/m/it/12 N \OMS/c
msy/m/n/12  \OML/cmm/m/it/12 N$\OT1/cmr/m/n/12 . Seja ainda $\OMS/cmsy/m/n/12 
M[]\OT1/cmr/m/n/12 (\OML/cmm/m/it/12 N; N\OT1/cmr/m/n/12 ) = []$
 []


Overfull \hbox (5.57486pt too wide) in paragraph at lines 44--45
\OMS/cmsy/m/n/12 M[]\OT1/cmr/m/n/12 (\OML/cmm/m/it/12 N; N\OT1/cmr/m/n/12 )$, o
u seja, como criar um al-go-ritmo de oti-mizac~ao que se-le-ci-one os ele-men-
tos de $\OMS/cmsy/m/n/12 M[]\OT1/cmr/m/n/12 (\OML/cmm/m/it/12 N; N\OT1/cmr/m/n/
12 )$.
 []

Package babel Info: Redefining portuges shorthand "|
(babel)             in language  on input line 45.
Package babel Info: Redefining portuges shorthand "|
(babel)             in language  on input line 45.
[67

]
Package babel Info: Redefining portuges shorthand "|
(babel)             in language  on input line 84.
Package babel Info: Redefining portuges shorthand "|
(babel)             in language  on input line 114.
Package babel Info: Redefining portuges shorthand "|
(babel)             in language  on input line 114.
 [68]
Underfull \hbox (badness 10000) in paragraph at lines 151--154

 []

Package babel Info: Redefining portuges shorthand "|
(babel)             in language  on input line 171.
Package babel Info: Redefining portuges shorthand "|
(babel)             in language  on input line 171.
[69]
Package babel Info: Redefining portuges shorthand "|
(babel)             in language  on input line 185.

Underfull \hbox (badness 10000) in paragraph at lines 230--232

 []

Package babel Info: Redefining portuges shorthand "|
(babel)             in language  on input line 235.
Package babel Info: Redefining portuges shorthand "|
(babel)             in language  on input line 235.
[70pdfTeX warning (ext4): destination with the same identifier (name{equation.8
.4.8}) has been already used, duplicate ignored

\AtBegShi@Output ...ipout \box \AtBeginShipoutBox 
                                                  \fi \fi 
l.235 \begin{teore}\label
                         {Teo3} A representao de uma matriz de posto $r$ d...
]
Underfull \hbox (badness 10000) in paragraph at lines 238--241

 []

Package babel Info: Redefining portuges shorthand "|
(babel)             in language  on input line 242.
Package babel Info: Redefining portuges shorthand "|
(babel)             in language  on input line 284.
Package babel Info: Redefining portuges shorthand "|
(babel)             in language  on input line 284.
[71]
Package babel Info: Redefining portuges shorthand "|
(babel)             in language  on input line 294.


LaTeX Warning: Citation `hendriks1988reduction' on page 72 undefined on input l
ine 299.


LaTeX Warning: Citation `markovsky2007left' on page 72 undefined on input line 
301.


LaTeX Warning: Citation `gaganis2013improved' on page 72 undefined on input lin
e 303.

) (cap8-e-book.tex
Package babel Info: Redefining portuges shorthand "|
(babel)             in language  on input line 1.
Package babel Info: Redefining portuges shorthand "|
(babel)             in language  on input line 1.
 [72]
Cap\'{\i }tulo 9.
Package babel Info: Redefining portuges shorthand "|
(babel)             in language  on input line 1.
Package babel Info: Redefining portuges shorthand "|
(babel)             in language  on input line 13.
Package babel Info: Redefining portuges shorthand "|
(babel)             in language  on input line 18.
Package babel Info: Redefining portuges shorthand "|
(babel)             in language  on input line 70.
Package babel Info: Redefining portuges shorthand "|
(babel)             in language  on input line 70.
[73

]

LaTeX Warning: Reference `rotulo9' on page 74 undefined on input line 78.

Package babel Info: Redefining portuges shorthand "|
(babel)             in language  on input line 85.

Underfull \hbox (badness 10000) in paragraph at lines 128--130

 []


Underfull \hbox (badness 10000) in paragraph at lines 128--130

 []

Package babel Info: Redefining portuges shorthand "|
(babel)             in language  on input line 130.
Package babel Info: Redefining portuges shorthand "|
(babel)             in language  on input line 130.
[74]
Underfull \hbox (badness 10000) in paragraph at lines 176--177

 []

Package babel Info: Redefining portuges shorthand "|
(babel)             in language  on input line 179.
Package babel Info: Redefining portuges shorthand "|
(babel)             in language  on input line 188.
Package babel Info: Redefining portuges shorthand "|
(babel)             in language  on input line 188.
[75]
LaTeX Font Info:    Font shape `OMS/cmr/m/it' in size <12> not available
(Font)              Font shape `OMS/cmsy/m/n' tried instead on input line 195.


Package hyperref Warning: Suppressing link with empty target on input line 215.


Package babel Info: Redefining portuges shorthand "|
(babel)             in language  on input line 219.
Package babel Info: Redefining portuges shorthand "|
(babel)             in language  on input line 238.
Package babel Info: Redefining portuges shorthand "|
(babel)             in language  on input line 245.
Package babel Info: Redefining portuges shorthand "|
(babel)             in language  on input line 245.
[76]
Underfull \hbox (badness 10000) in paragraph at lines 266--271

 []


Underfull \hbox (badness 10000) in paragraph at lines 274--277

 []


Underfull \hbox (badness 10000) in paragraph at lines 283--285

 []

Package babel Info: Redefining portuges shorthand "|
(babel)             in language  on input line 288.
Package babel Info: Redefining portuges shorthand "|
(babel)             in language  on input line 298.
Package babel Info: Redefining portuges shorthand "|
(babel)             in language  on input line 298.
[77]

LaTeX Warning: Citation `Storn1997' on page 78 undefined on input line 330.


LaTeX Warning: Reference `alg:ED' on page 78 undefined on input line 332.


LaTeX Warning: Citation `ali2013unconventional' on page 78 undefined on input l
ine 369.


LaTeX Warning: Reference `Diagrama' on page 78 undefined on input line 371.

Package babel Info: Redefining portuges shorthand "|
(babel)             in language  on input line 379.
Package babel Info: Redefining portuges shorthand "|
(babel)             in language  on input line 379.
[78]) (cap9-e-book.tex
Package babel Info: Redefining portuges shorthand "|
(babel)             in language  on input line 1.
Package babel Info: Redefining portuges shorthand "|
(babel)             in language  on input line 1.
 [79]
Package babel Info: Redefining portuges shorthand "|
(babel)             in language  on input line 1.
Package babel Info: Redefining portuges shorthand "|
(babel)             in language  on input line 1.
 [80

]
Cap\'{\i }tulo 10.
Package babel Info: Redefining portuges shorthand "|
(babel)             in language  on input line 1.
Package babel Info: Redefining portuges shorthand "|
(babel)             in language  on input line 17.

LaTeX Warning: Citation `hendriks1992application' on page 81 undefined on input
 line 33.


LaTeX Warning: Citation `michelsen1986simplified' on page 81 undefined on input
 line 35.


LaTeX Warning: Citation `hendriks1988reduction' on page 81 undefined on input l
ine 35.


LaTeX Warning: Citation `nichita2004efficient' on page 81 undefined on input li
ne 35.


LaTeX Warning: Citation `nichita2006reduction' on page 81 undefined on input li
ne 35.

Package babel Info: Redefining portuges shorthand "|
(babel)             in language  on input line 37.
Package babel Info: Redefining portuges shorthand "|
(babel)             in language  on input line 37.
[81]

LaTeX Warning: Citation `nichita2007phase' on page 82 undefined on input line 3
7.

Package babel Info: Redefining portuges shorthand "|
(babel)             in language  on input line 39.

Underfull \hbox (badness 10000) in paragraph at lines 41--43

 []


Underfull \hbox (badness 10000) in paragraph at lines 45--74

 []

Package babel Info: Redefining portuges shorthand "|
(babel)             in language  on input line 78.
Package babel Info: Redefining portuges shorthand "|
(babel)             in language  on input line 78.
[82]

LaTeX Warning: Citation `gaganis2013improved' on page 83 undefined on input lin
e 81.


Underfull \hbox (badness 10000) in paragraph at lines 85--88

 []


Underfull \hbox (badness 10000) in paragraph at lines 95--109

 []


Underfull \hbox (badness 10000) in paragraph at lines 95--109

 []


Underfull \hbox (badness 10000) in paragraph at lines 115--119

 []

) (cap10-e-book.tex
Underfull \hbox (badness 10000) in paragraph at lines 121--1

 []


Underfull \hbox (badness 10000) in paragraph at lines 121--1

 []


Underfull \hbox (badness 10000) in paragraph at lines 121--1

 []


Underfull \hbox (badness 10000) in paragraph at lines 121--1

 []


Underfull \hbox (badness 10000) in paragraph at lines 121--1

 []


Underfull \hbox (badness 10000) in paragraph at lines 121--1

 []


Underfull \hbox (badness 10000) in paragraph at lines 121--1

 []


Underfull \hbox (badness 10000) in paragraph at lines 121--1

 []


Underfull \hbox (badness 10000) in paragraph at lines 121--1

 []


Underfull \hbox (badness 10000) in paragraph at lines 121--1

 []


Underfull \hbox (badness 10000) in paragraph at lines 121--1

 []


Underfull \hbox (badness 10000) in paragraph at lines 121--1

 []


Underfull \hbox (badness 10000) in paragraph at lines 121--1

 []

Package babel Info: Redefining portuges shorthand "|
(babel)             in language  on input line 1.
Package babel Info: Redefining portuges shorthand "|
(babel)             in language  on input line 1.
[83]
Package babel Info: Redefining portuges shorthand "|
(babel)             in language  on input line 1.
Package babel Info: Redefining portuges shorthand "|
(babel)             in language  on input line 1.
 [84]
Cap\'{\i }tulo 11.
Package babel Info: Redefining portuges shorthand "|
(babel)             in language  on input line 1.
) (cap11-e-book.tex
Package babel Info: Redefining portuges shorthand "|
(babel)             in language  on input line 1.
Package babel Info: Redefining portuges shorthand "|
(babel)             in language  on input line 1.
 [85

]
Package babel Info: Redefining portuges shorthand "|
(babel)             in language  on input line 1.
Package babel Info: Redefining portuges shorthand "|
(babel)             in language  on input line 1.
 [86

]
Cap\'{\i }tulo 12.
Package babel Info: Redefining portuges shorthand "|
(babel)             in language  on input line 1.
Package babel Info: Redefining portuges shorthand "|
(babel)             in language  on input line 13.

Underfull \vbox (badness 7012) has occurred while \output is active []

Package babel Info: Redefining portuges shorthand "|
(babel)             in language  on input line 38.
Package babel Info: Redefining portuges shorthand "|
(babel)             in language  on input line 38.
 [87]
Underfull \vbox (badness 10000) has occurred while \output is active []

Package babel Info: Redefining portuges shorthand "|
(babel)             in language  on input line 70.
Package babel Info: Redefining portuges shorthand "|
(babel)             in language  on input line 70.
 [88]
Package babel Info: Redefining portuges shorthand "|
(babel)             in language  on input line 71.
Package babel Info: Redefining portuges shorthand "|
(babel)             in language  on input line 120.
Package babel Info: Redefining portuges shorthand "|
(babel)             in language  on input line 120.

[89]
Package babel Info: Redefining portuges shorthand "|
(babel)             in language  on input line 205.
Package babel Info: Redefining portuges shorthand "|
(babel)             in language  on input line 205.
 [90]
Package babel Info: Redefining portuges shorthand "|
(babel)             in language  on input line 206.
Package babel Info: Redefining portuges shorthand "|
(babel)             in language  on input line 209.
Package babel Info: Redefining portuges shorthand "|
(babel)             in language  on input line 209.
 [91]

LaTeX Warning: Reference `Mestrado1' on page 92 undefined on input line 210.


LaTeX Warning: Reference `Mestrado2' on page 92 undefined on input line 210.

Package babel Info: Redefining portuges shorthand "|
(babel)             in language  on input line 276.
Package babel Info: Redefining portuges shorthand "|
(babel)             in language  on input line 276.
[92]

LaTeX Warning: Reference `MHA5' on page 93 undefined on input line 277.


LaTeX Warning: Reference `MI' on page 93 undefined on input line 277.


LaTeX Warning: Reference `MHA5_faixa' on page 93 undefined on input line 279.


LaTeX Warning: Reference `MI_faixa' on page 93 undefined on input line 279.


LaTeX Warning: Reference `Erro_MHA5_cont2' on page 93 undefined on input line 3
14.


LaTeX Warning: Reference `MI_Erro' on page 93 undefined on input line 314.

Package babel Info: Redefining portuges shorthand "|
(babel)             in language  on input line 332.
Package babel Info: Redefining portuges shorthand "|
(babel)             in language  on input line 332.
[93]

LaTeX Warning: Reference `MI2' on page 94 undefined on input line 336.


LaTeX Warning: Reference `MI2_faixa' on page 94 undefined on input line 336.


LaTeX Warning: Reference `MHA5(2)' on page 94 undefined on input line 407.


LaTeX Warning: Reference `MHA5(2)_faixa' on page 94 undefined on input line 407
.


LaTeX Warning: Reference `Erro_MHA5(2)' on page 94 undefined on input line 407.


Package babel Info: Redefining portuges shorthand "|
(babel)             in language  on input line 437.
Package babel Info: Redefining portuges shorthand "|
(babel)             in language  on input line 437.
[94]
Package babel Info: Redefining portuges shorthand "|
(babel)             in language  on input line 438.
Package babel Info: Redefining portuges shorthand "|
(babel)             in language  on input line 450.
Package babel Info: Redefining portuges shorthand "|
(babel)             in language  on input line 450.
 [95]

LaTeX Warning: Citation `gaganis2013improved' on page 96 undefined on input lin
e 452.

)
No file termo_book.bbl.
No file termo_book.ind.
Package babel Info: Redefining portuges shorthand "|
(babel)             in language  on input line 171.
Package babel Info: Redefining portuges shorthand "|
(babel)             in language  on input line 171.
[96]
Package atveryend Info: Empty hook `BeforeClearDocument' on input line 171.
Package atveryend Info: Empty hook `AfterLastShipout' on input line 171.
 (termo_book.aux)
Package atveryend Info: Executing hook `AtVeryEndDocument' on input line 171.
Package atveryend Info: Executing hook `AtEndAfterFileList' on input line 171.
Package rerunfilecheck Info: File `termo_book.out' has not changed.
(rerunfilecheck)             Checksum: 23D62832672F21DE95F1089F6CD22DCA;7050.


LaTeX Warning: There were undefined references.


LaTeX Warning: There were multiply-defined labels.

Package atveryend Info: Empty hook `AtVeryVeryEnd' on input line 171.
 ) 
Here is how much of TeX's memory you used:
 8389 strings out of 493335
 113972 string characters out of 3139261
 237421 words of memory out of 3000000
 11226 multiletter control sequences out of 15000+200000
 21713 words of font info for 79 fonts, out of 3000000 for 9000
 1141 hyphenation exceptions out of 8191
 29i,15n,32p,2250b,518s stack positions out of 5000i,500n,10000p,200000b,50000s
<C:/Program Files/MiKTeX 2.9/fonts/type1/public/amsfonts/cm/cmbsy10.pfb><C:/P
rogram Files/MiKTeX 2.9/fonts/type1/public/amsfonts/cm/cmbx10.pfb><C:/Program F
iles/MiKTeX 2.9/fonts/type1/public/amsfonts/cm/cmbx12.pfb><C:/Program Files/MiK
TeX 2.9/fonts/type1/public/amsfonts/cm/cmbx6.pfb><C:/Program Files/MiKTeX 2.9/f
onts/type1/public/amsfonts/cm/cmbx8.pfb><C:/Program Files/MiKTeX 2.9/fonts/type
1/public/amsfonts/cm/cmbxti10.pfb><C:/Program Files/MiKTeX 2.9/fonts/type1/publ
ic/amsfonts/cm/cmcsc10.pfb><C:/Program Files/MiKTeX 2.9/fonts/type1/public/amsf
onts/cm/cmex10.pfb><C:/Program Files/MiKTeX 2.9/fonts/type1/public/amsfonts/cme
xtra/cmex8.pfb><C:/Program Files/MiKTeX 2.9/fonts/type1/public/amsfonts/cm/cmmi
10.pfb><C:/Program Files/MiKTeX 2.9/fonts/type1/public/amsfonts/cm/cmmi12.pfb><
C:/Program Files/MiKTeX 2.9/fonts/type1/public/amsfonts/cm/cmmi6.pfb><C:/Progra
m Files/MiKTeX 2.9/fonts/type1/public/amsfonts/cm/cmmi7.pfb><C:/Program Files/M
iKTeX 2.9/fonts/type1/public/amsfonts/cm/cmmi8.pfb><C:/Program Files/MiKTeX 2.9
/fonts/type1/public/amsfonts/cm/cmmib10.pfb><C:/Program Files/MiKTeX 2.9/fonts/
type1/public/amsfonts/cmextra/cmmib8.pfb><C:/Program Files/MiKTeX 2.9/fonts/typ
e1/public/amsfonts/cm/cmr10.pfb><C:/Program Files/MiKTeX 2.9/fonts/type1/public
/amsfonts/cm/cmr12.pfb><C:/Program Files/MiKTeX 2.9/fonts/type1/public/amsfonts
/cm/cmr6.pfb><C:/Program Files/MiKTeX 2.9/fonts/type1/public/amsfonts/cm/cmr7.p
fb><C:/Program Files/MiKTeX 2.9/fonts/type1/public/amsfonts/cm/cmr8.pfb><C:/Pro
gram Files/MiKTeX 2.9/fonts/type1/public/amsfonts/cm/cmsl12.pfb><C:/Program Fil
es/MiKTeX 2.9/fonts/type1/public/amsfonts/cm/cmsy10.pfb><C:/Program Files/MiKTe
X 2.9/fonts/type1/public/amsfonts/cm/cmsy6.pfb><C:/Program Files/MiKTeX 2.9/fon
ts/type1/public/amsfonts/cm/cmsy7.pfb><C:/Program Files/MiKTeX 2.9/fonts/type1/
public/amsfonts/cm/cmsy8.pfb><C:/Program Files/MiKTeX 2.9/fonts/type1/public/am
sfonts/cm/cmti12.pfb><C:/Program Files/MiKTeX 2.9/fonts/type1/public/amsfonts/c
m/cmti7.pfb><C:/Program Files/MiKTeX 2.9/fonts/type1/public/amsfonts/cm/cmti8.p
fb><C:/Program Files/MiKTeX 2.9/fonts/type1/public/amsfonts/cm/cmtt12.pfb><C:/P
rogram Files/MiKTeX 2.9/fonts/type1/public/amsfonts/symbols/msbm10.pfb>
Output written on termo_book.pdf (110 pages, 881644 bytes).
PDF statistics:
 1724 PDF objects out of 1728 (max. 8388607)
 485 named destinations out of 1000 (max. 500000)
 641 words of extra memory for PDF output out of 10000 (max. 10000000)

